# JRE version: Java(TM) SE Runtime Environment (8.0_191-b12) (build 1.8.0_191-b12)
# Java VM: Java HotSpot(TM) 64-Bit Server VM (25.191-b12 mixed mode windows-amd64 compressed oops)
Heap:
 PSYoungGen      total 164864K, used 584K [0x00000000d6380000, 0x00000000e1600000, 0x0000000100000000)
  eden space 159232K, 0% used [0x00000000d6380000,0x00000000d6412120,0x00000000dff00000)
  from space 5632K, 0% used [0x00000000e0700000,0x00000000e0700000,0x00000000e0c80000)
  to   space 9728K, 0% used [0x00000000e0c80000,0x00000000e0c80000,0x00000000e1600000)
 ParOldGen       total 307200K, used 286498K [0x0000000082a00000, 0x0000000095600000, 0x00000000d6380000)
  object space 307200K, 93% used [0x0000000082a00000,0x00000000941c8a88,0x0000000095600000)
 Metaspace       used 83982K, capacity 92234K, committed 95448K, reserved 1132544K
  class space    used 10137K, capacity 11911K, committed 12544K, reserved 1048576K
GC Heap History (10 events):
Event: 12710.781 GC heap before
{Heap before GC invocations=259 (full 77):
 PSYoungGen      total 179712K, used 179302K [0x00000000d6380000, 0x00000000e2500000, 0x0000000100000000)
  eden space 171520K, 100% used [0x00000000d6380000,0x00000000e0b00000,0x00000000e0b00000)
  from space 8192K, 95% used [0x00000000e1600000,0x00000000e1d99a58,0x00000000e1e00000)
  to   space 7168K, 0% used [0x00000000e1e00000,0x00000000e1e00000,0x00000000e2500000)
 ParOldGen       total 307200K, used 292780K [0x0000000082a00000, 0x0000000095600000, 0x00000000d6380000)
  object space 307200K, 95% used [0x0000000082a00000,0x00000000947eb1f0,0x0000000095600000)
 Metaspace       used 85689K, capacity 95098K, committed 95448K, reserved 1132544K
  class space    used 10426K, capacity 12443K, committed 12544K, reserved 1048576K
Event: 12710.788 GC heap after
Heap after GC invocations=259 (full 77):
 PSYoungGen      total 174592K, used 7152K [0x00000000d6380000, 0x00000000e2500000, 0x0000000100000000)
  eden space 167424K, 0% used [0x00000000d6380000,0x00000000d6380000,0x00000000e0700000)
  from space 7168K, 99% used [0x00000000e1e00000,0x00000000e24fc0c0,0x00000000e2500000)
  to   space 11776K, 0% used [0x00000000e0e00000,0x00000000e0e00000,0x00000000e1980000)
 ParOldGen       total 307200K, used 293372K [0x0000000082a00000, 0x0000000095600000, 0x00000000d6380000)
  object space 307200K, 95% used [0x0000000082a00000,0x000000009487f1f0,0x0000000095600000)
 Metaspace       used 85689K, capacity 95098K, committed 95448K, reserved 1132544K
  class space    used 10426K, capacity 12443K, committed 12544K, reserved 1048576K
}
Event: 12956.838 GC heap before
{Heap before GC invocations=260 (full 77):
 PSYoungGen      total 174592K, used 174576K [0x00000000d6380000, 0x00000000e2500000, 0x0000000100000000)
  eden space 167424K, 100% used [0x00000000d6380000,0x00000000e0700000,0x00000000e0700000)
  from space 7168K, 99% used [0x00000000e1e00000,0x00000000e24fc0c0,0x00000000e2500000)
  to   space 11776K, 0% used [0x00000000e0e00000,0x00000000e0e00000,0x00000000e1980000)
 ParOldGen       total 307200K, used 293372K [0x0000000082a00000, 0x0000000095600000, 0x00000000d6380000)
  object space 307200K, 95% used [0x0000000082a00000,0x000000009487f1f0,0x0000000095600000)
 Metaspace       used 85689K, capacity 95098K, committed 95448K, reserved 1132544K
  class space    used 10426K, capacity 12443K, committed 12544K, reserved 1048576K
Event: 12956.844 GC heap after
Heap after GC invocations=260 (full 77):
 PSYoungGen      total 171008K, used 7238K [0x00000000d6380000, 0x00000000e1e80000, 0x0000000100000000)
  eden space 163328K, 0% used [0x00000000d6380000,0x00000000d6380000,0x00000000e0300000)
  from space 7680K, 94% used [0x00000000e0e00000,0x00000000e1511a58,0x00000000e1580000)
  to   space 9216K, 0% used [0x00000000e1580000,0x00000000e1580000,0x00000000e1e80000)
 ParOldGen       total 307200K, used 293372K [0x0000000082a00000, 0x0000000095600000, 0x00000000d6380000)
  object space 307200K, 95% used [0x0000000082a00000,0x000000009487f1f0,0x0000000095600000)
 Metaspace       used 85689K, capacity 95098K, committed 95448K, reserved 1132544K
  class space    used 10426K, capacity 12443K, committed 12544K, reserved 1048576K
}
Event: 16759.880 GC heap before
{Heap before GC invocations=261 (full 77):
 PSYoungGen      total 171008K, used 170566K [0x00000000d6380000, 0x00000000e1e80000, 0x0000000100000000)
  eden space 163328K, 100% used [0x00000000d6380000,0x00000000e0300000,0x00000000e0300000)
  from space 7680K, 94% used [0x00000000e0e00000,0x00000000e1511a58,0x00000000e1580000)
  to   space 9216K, 0% used [0x00000000e1580000,0x00000000e1580000,0x00000000e1e80000)
 ParOldGen       total 307200K, used 293372K [0x0000000082a00000, 0x0000000095600000, 0x00000000d6380000)
  object space 307200K, 95% used [0x0000000082a00000,0x000000009487f1f0,0x0000000095600000)
 Metaspace       used 85689K, capacity 95098K, committed 95448K, reserved 1132544K
  class space    used 10426K, capacity 12443K, committed 12544K, reserved 1048576K
Event: 16759.896 GC heap after
Heap after GC invocations=261 (full 77):
 PSYoungGen      total 166912K, used 7238K [0x00000000d6380000, 0x00000000e1d00000, 0x0000000100000000)
  eden space 159232K, 0% used [0x00000000d6380000,0x00000000d6380000,0x00000000dff00000)
  from space 7680K, 94% used [0x00000000e1580000,0x00000000e1c91a58,0x00000000e1d00000)
  to   space 11264K, 0% used [0x00000000e0700000,0x00000000e0700000,0x00000000e1200000)
 ParOldGen       total 307200K, used 293372K [0x0000000082a00000, 0x0000000095600000, 0x00000000d6380000)
  object space 307200K, 95% used [0x0000000082a00000,0x000000009487f1f0,0x0000000095600000)
 Metaspace       used 85689K, capacity 95098K, committed 95448K, reserved 1132544K
  class space    used 10426K, capacity 12443K, committed 12544K, reserved 1048576K
}
Event: 16960.639 GC heap before
{Heap before GC invocations=262 (full 77):
 PSYoungGen      total 166912K, used 147679K [0x00000000d6380000, 0x00000000e1d00000, 0x0000000100000000)
  eden space 159232K, 88% used [0x00000000d6380000,0x00000000deca6548,0x00000000dff00000)
  from space 7680K, 94% used [0x00000000e1580000,0x00000000e1c91a58,0x00000000e1d00000)
  to   space 11264K, 0% used [0x00000000e0700000,0x00000000e0700000,0x00000000e1200000)
 ParOldGen       total 307200K, used 293372K [0x0000000082a00000, 0x0000000095600000, 0x00000000d6380000)
  object space 307200K, 95% used [0x0000000082a00000,0x000000009487f1f0,0x0000000095600000)
 Metaspace       used 85693K, capacity 95104K, committed 95448K, reserved 1132544K
  class space    used 10427K, capacity 12445K, committed 12544K, reserved 1048576K
Event: 16960.645 GC heap after
Heap after GC invocations=262 (full 77):
 PSYoungGen      total 164864K, used 5632K [0x00000000d6380000, 0x00000000e1600000, 0x0000000100000000)
  eden space 159232K, 0% used [0x00000000d6380000,0x00000000d6380000,0x00000000dff00000)
  from space 5632K, 100% used [0x00000000e0700000,0x00000000e0c80000,0x00000000e0c80000)
  to   space 9728K, 0% used [0x00000000e0c80000,0x00000000e0c80000,0x00000000e1600000)
 ParOldGen       total 307200K, used 293372K [0x0000000082a00000, 0x0000000095600000, 0x00000000d6380000)
  object space 307200K, 95% used [0x0000000082a00000,0x000000009487f1f0,0x0000000095600000)
 Metaspace       used 85693K, capacity 95104K, committed 95448K, reserved 1132544K
  class space    used 10427K, capacity 12445K, committed 12544K, reserved 1048576K
}
Event: 16960.645 GC heap before
{Heap before GC invocations=263 (full 78):
 PSYoungGen      total 164864K, used 5632K [0x00000000d6380000, 0x00000000e1600000, 0x0000000100000000)
  eden space 159232K, 0% used [0x00000000d6380000,0x00000000d6380000,0x00000000dff00000)
  from space 5632K, 100% used [0x00000000e0700000,0x00000000e0c80000,0x00000000e0c80000)
  to   space 9728K, 0% used [0x00000000e0c80000,0x00000000e0c80000,0x00000000e1600000)
 ParOldGen       total 307200K, used 293372K [0x0000000082a00000, 0x0000000095600000, 0x00000000d6380000)
  object space 307200K, 95% used [0x0000000082a00000,0x000000009487f1f0,0x0000000095600000)
 Metaspace       used 85693K, capacity 95104K, committed 95448K, reserved 1132544K
  class space    used 10427K, capacity 12445K, committed 12544K, reserved 1048576K
Event: 16961.386 GC heap after
Heap after GC invocations=263 (full 78):
 PSYoungGen      total 164864K, used 0K [0x00000000d6380000, 0x00000000e1600000, 0x0000000100000000)
  eden space 159232K, 0% used [0x00000000d6380000,0x00000000d6380000,0x00000000dff00000)
  from space 5632K, 0% used [0x00000000e0700000,0x00000000e0700000,0x00000000e0c80000)
  to   space 9728K, 0% used [0x00000000e0c80000,0x00000000e0c80000,0x00000000e1600000)
 ParOldGen       total 307200K, used 286498K [0x0000000082a00000, 0x0000000095600000, 0x00000000d6380000)
  object space 307200K, 93% used [0x0000000082a00000,0x00000000941c8a88,0x0000000095600000)
 Metaspace       used 83982K, capacity 92234K, committed 95448K, reserved 1132544K
  class space    used 10137K, capacity 11911K, committed 12544K, reserved 1048576K
}

